---------------copy_process_info------------------
pid=1	pid_father=0	jiffies=48
tss.eip=26972	tss.cs=15	nr=1
------------------end-----------------------------

---------------copy_process_info------------------
pid=2	pid_father=1	jiffies=49
tss.eip=25968	tss.cs=15	nr=2
------------------end-----------------------------

get new page successfully!
---------------------------Page Table Address-----------------------------------
new_page_table:logical_address:bfff000,physical_address:ff7007
-------------------------------------------------------------------------

---------page fault happen?---------
error_code=4
---------------end--------------

---------------------Page address------------------------------------
new_page_table:logical_address:8000000,physical_address:ff9007
-------------------------------------------------------------------------

---------the first block of page fault ---------
block=1
---------------end--------------

get new page successfully!
---------------------------Page Table Address-----------------------------------
new_page_table:logical_address:8000000,physical_address:ff9007
-------------------------------------------------------------------------

---------page fault happen?---------
error_code=6
---------------end--------------

---------------------Page address------------------------------------
new_page_table:logical_address:8041000,physical_address:ff5007
-------------------------------------------------------------------------

---------the first block of page fault ---------
block=261
---------------end--------------

---------------------------Page Table Address-----------------------------------
new_page_table:logical_address:8041000,physical_address:ff5007
-------------------------------------------------------------------------

---------page fault happen?---------
error_code=4
---------------end--------------

---------------------Page address------------------------------------
new_page_table:logical_address:803d000,physical_address:ff4007
-------------------------------------------------------------------------

---------the first block of page fault ---------
block=245
---------------end--------------

---------------------------Page Table Address-----------------------------------
new_page_table:logical_address:803d000,physical_address:ff4007
-------------------------------------------------------------------------

---------page fault happen?---------
error_code=6
---------------end--------------

---------------------------Page Table Address-----------------------------------
new_page_table:logical_address:8046000,physical_address:ff3007
-------------------------------------------------------------------------

---------page fault happen?---------
error_code=4
---------------end--------------

---------------------Page address------------------------------------
new_page_table:logical_address:8007000,physical_address:ff2007
-------------------------------------------------------------------------

---------the first block of page fault ---------
block=29
---------------end--------------

---------------------------Page Table Address-----------------------------------
new_page_table:logical_address:8007000,physical_address:ff2007
-------------------------------------------------------------------------

---------page fault happen?---------
error_code=4
---------------end--------------

---------------------Page address------------------------------------
new_page_table:logical_address:8039000,physical_address:ff1007
-------------------------------------------------------------------------

---------the first block of page fault ---------
block=229
---------------end--------------

---------------------------Page Table Address-----------------------------------
new_page_table:logical_address:8039000,physical_address:ff1007
-------------------------------------------------------------------------

---------page fault happen?---------
error_code=4
---------------end--------------

---------------------Page address------------------------------------
new_page_table:logical_address:801a000,physical_address:ff0007
-------------------------------------------------------------------------

---------the first block of page fault ---------
block=105
---------------end--------------

---------------------------Page Table Address-----------------------------------
new_page_table:logical_address:801a000,physical_address:ff0007
-------------------------------------------------------------------------

---------page fault happen?---------
error_code=4
---------------end--------------

---------------------------Page Table Address-----------------------------------
new_page_table:logical_address:8045000,physical_address:fef007
-------------------------------------------------------------------------

---------page fault happen?---------
error_code=4
---------------end--------------

---------------------Page address------------------------------------
new_page_table:logical_address:8044000,physical_address:fee007
-------------------------------------------------------------------------

---------the first block of page fault ---------
block=273
---------------end--------------

---------------------------Page Table Address-----------------------------------
new_page_table:logical_address:8044000,physical_address:fee007
-------------------------------------------------------------------------

---------page fault happen?---------
error_code=6
---------------end--------------

---------------------------Page Table Address-----------------------------------
new_page_table:logical_address:8047000,physical_address:fed007
-------------------------------------------------------------------------

---------page fault happen?---------
error_code=6
---------------end--------------

---------------------------Page Table Address-----------------------------------
new_page_table:logical_address:8048000,physical_address:fec007
-------------------------------------------------------------------------

---------page fault happen?---------
error_code=4
---------------end--------------

---------------------Page address------------------------------------
new_page_table:logical_address:8001000,physical_address:feb007
-------------------------------------------------------------------------

---------the first block of page fault ---------
block=5
---------------end--------------

---------------------------Page Table Address-----------------------------------
new_page_table:logical_address:8001000,physical_address:feb007
-------------------------------------------------------------------------

---------page fault happen?---------
error_code=4
---------------end--------------

---------------------Page address------------------------------------
new_page_table:logical_address:803c000,physical_address:fea007
-------------------------------------------------------------------------

---------the first block of page fault ---------
block=241
---------------end--------------

---------------------------Page Table Address-----------------------------------
new_page_table:logical_address:803c000,physical_address:fea007
-------------------------------------------------------------------------

---------page fault happen?---------
error_code=4
---------------end--------------

---------------------Page address------------------------------------
new_page_table:logical_address:803f000,physical_address:fe9007
-------------------------------------------------------------------------

---------the first block of page fault ---------
block=253
---------------end--------------

---------------------------Page Table Address-----------------------------------
new_page_table:logical_address:803f000,physical_address:fe9007
-------------------------------------------------------------------------

---------page fault happen?---------
error_code=6
---------------end--------------

---------------------------Page Table Address-----------------------------------
new_page_table:logical_address:8049000,physical_address:fe8007
-------------------------------------------------------------------------

---------page fault happen?---------
error_code=4
---------------end--------------

---------------------Page address------------------------------------
new_page_table:logical_address:801e000,physical_address:fe7007
-------------------------------------------------------------------------

---------the first block of page fault ---------
block=121
---------------end--------------

---------------------------Page Table Address-----------------------------------
new_page_table:logical_address:801e000,physical_address:fe7007
-------------------------------------------------------------------------

---------page fault happen?---------
error_code=4
---------------end--------------

---------------------Page address------------------------------------
new_page_table:logical_address:803a000,physical_address:fe6007
-------------------------------------------------------------------------

---------the first block of page fault ---------
block=233
---------------end--------------

---------------------------Page Table Address-----------------------------------
new_page_table:logical_address:803a000,physical_address:fe6007
-------------------------------------------------------------------------

---------page fault happen?---------
error_code=4
---------------end--------------

---------------------Page address------------------------------------
new_page_table:logical_address:8021000,physical_address:fe5007
-------------------------------------------------------------------------

---------the first block of page fault ---------
block=133
---------------end--------------

---------------------------Page Table Address-----------------------------------
new_page_table:logical_address:8021000,physical_address:fe5007
-------------------------------------------------------------------------

---------page fault happen?---------
error_code=4
---------------end--------------

---------------------Page address------------------------------------
new_page_table:logical_address:8020000,physical_address:fe4007
-------------------------------------------------------------------------

---------the first block of page fault ---------
block=129
---------------end--------------

---------------------------Page Table Address-----------------------------------
new_page_table:logical_address:8020000,physical_address:fe4007
-------------------------------------------------------------------------

---------page fault happen?---------
error_code=4
---------------end--------------

---------------------Page address------------------------------------
new_page_table:logical_address:8019000,physical_address:fe3007
-------------------------------------------------------------------------

---------the first block of page fault ---------
block=101
---------------end--------------

---------------------------Page Table Address-----------------------------------
new_page_table:logical_address:8019000,physical_address:fe3007
-------------------------------------------------------------------------

---------page fault happen?---------
error_code=4
---------------end--------------

---------------------Page address------------------------------------
new_page_table:logical_address:803b000,physical_address:fe2007
-------------------------------------------------------------------------

---------the first block of page fault ---------
block=237
---------------end--------------

---------------------------Page Table Address-----------------------------------
new_page_table:logical_address:803b000,physical_address:fe2007
-------------------------------------------------------------------------

---------page fault happen?---------
error_code=4
---------------end--------------

---------------------Page address------------------------------------
new_page_table:logical_address:8010000,physical_address:fe1007
-------------------------------------------------------------------------

---------the first block of page fault ---------
block=65
---------------end--------------

---------------------------Page Table Address-----------------------------------
new_page_table:logical_address:8010000,physical_address:fe1007
-------------------------------------------------------------------------

---------page fault happen?---------
error_code=4
---------------end--------------

---------------------Page address------------------------------------
new_page_table:logical_address:801b000,physical_address:fe0007
-------------------------------------------------------------------------

---------the first block of page fault ---------
block=109
---------------end--------------

---------------------------Page Table Address-----------------------------------
new_page_table:logical_address:801b000,physical_address:fe0007
-------------------------------------------------------------------------

---------page fault happen?---------
error_code=4
---------------end--------------

---------------------Page address------------------------------------
new_page_table:logical_address:8040000,physical_address:fdf007
-------------------------------------------------------------------------

---------the first block of page fault ---------
block=257
---------------end--------------

---------------------------Page Table Address-----------------------------------
new_page_table:logical_address:8040000,physical_address:fdf007
-------------------------------------------------------------------------

---------page fault happen?---------
error_code=4
---------------end--------------

---------------------Page address------------------------------------
new_page_table:logical_address:8008000,physical_address:fde007
-------------------------------------------------------------------------

---------the first block of page fault ---------
block=33
---------------end--------------

---------------------------Page Table Address-----------------------------------
new_page_table:logical_address:8008000,physical_address:fde007
-------------------------------------------------------------------------

---------page fault happen?---------
error_code=4
---------------end--------------

---------------------Page address------------------------------------
new_page_table:logical_address:800d000,physical_address:fdd007
-------------------------------------------------------------------------

---------the first block of page fault ---------
block=53
---------------end--------------

---------------------------Page Table Address-----------------------------------
new_page_table:logical_address:800d000,physical_address:fdd007
-------------------------------------------------------------------------

---------page fault happen?---------
error_code=4
---------------end--------------

---------------------Page address------------------------------------
new_page_table:logical_address:8015000,physical_address:fdc007
-------------------------------------------------------------------------

---------the first block of page fault ---------
block=85
---------------end--------------

---------------------------Page Table Address-----------------------------------
new_page_table:logical_address:8015000,physical_address:fdc007
-------------------------------------------------------------------------

---------page fault happen?---------
error_code=6
---------------end--------------

---------------------------Page Table Address-----------------------------------
new_page_table:logical_address:804a000,physical_address:fdb007
-------------------------------------------------------------------------

---------page fault happen?---------
error_code=4
---------------end--------------

---------------------Page address------------------------------------
new_page_table:logical_address:800e000,physical_address:fda007
-------------------------------------------------------------------------

---------the first block of page fault ---------
block=57
---------------end--------------

---------------------------Page Table Address-----------------------------------
new_page_table:logical_address:800e000,physical_address:fda007
-------------------------------------------------------------------------

---------page fault happen?---------
error_code=4
---------------end--------------

---------------------Page address------------------------------------
new_page_table:logical_address:8016000,physical_address:fd9007
-------------------------------------------------------------------------

---------the first block of page fault ---------
block=89
---------------end--------------

---------------------------Page Table Address-----------------------------------
new_page_table:logical_address:8016000,physical_address:fd9007
-------------------------------------------------------------------------

---------page fault happen?---------
error_code=6
---------------end--------------

---------------------------Page Table Address-----------------------------------
new_page_table:logical_address:804b000,physical_address:fd8007
-------------------------------------------------------------------------

---------page fault happen?---------
error_code=4
---------------end--------------

---------------------Page address------------------------------------
new_page_table:logical_address:800c000,physical_address:fd7007
-------------------------------------------------------------------------

---------the first block of page fault ---------
block=49
---------------end--------------

---------------------------Page Table Address-----------------------------------
new_page_table:logical_address:800c000,physical_address:fd7007
-------------------------------------------------------------------------

---------page fault happen?---------
error_code=4
---------------end--------------

---------------------Page address------------------------------------
new_page_table:logical_address:8037000,physical_address:fd6007
-------------------------------------------------------------------------

---------the first block of page fault ---------
block=221
---------------end--------------

---------------------------Page Table Address-----------------------------------
new_page_table:logical_address:8037000,physical_address:fd6007
-------------------------------------------------------------------------

---------page fault happen?---------
error_code=4
---------------end--------------

---------------------Page address------------------------------------
new_page_table:logical_address:800f000,physical_address:fd5007
-------------------------------------------------------------------------

---------the first block of page fault ---------
block=61
---------------end--------------

---------------------------Page Table Address-----------------------------------
new_page_table:logical_address:800f000,physical_address:fd5007
-------------------------------------------------------------------------

---------page fault happen?---------
error_code=4
---------------end--------------

---------------------Page address------------------------------------
new_page_table:logical_address:8012000,physical_address:fd4007
-------------------------------------------------------------------------

---------the first block of page fault ---------
block=73
---------------end--------------

---------------------------Page Table Address-----------------------------------
new_page_table:logical_address:8012000,physical_address:fd4007
-------------------------------------------------------------------------

---------page fault happen?---------
error_code=4
---------------end--------------

---------------------Page address------------------------------------
new_page_table:logical_address:8035000,physical_address:fd3007
-------------------------------------------------------------------------

---------the first block of page fault ---------
block=213
---------------end--------------

---------------------------Page Table Address-----------------------------------
new_page_table:logical_address:8035000,physical_address:fd3007
-------------------------------------------------------------------------

---------page fault happen?---------
error_code=4
---------------end--------------

---------------------Page address------------------------------------
new_page_table:logical_address:8042000,physical_address:fd2007
-------------------------------------------------------------------------

---------the first block of page fault ---------
block=265
---------------end--------------

---------------------------Page Table Address-----------------------------------
new_page_table:logical_address:8042000,physical_address:fd2007
-------------------------------------------------------------------------

---------page fault happen?---------
error_code=4
---------------end--------------

---------------------Page address------------------------------------
new_page_table:logical_address:801f000,physical_address:fd1007
-------------------------------------------------------------------------

---------the first block of page fault ---------
block=125
---------------end--------------

---------------------------Page Table Address-----------------------------------
new_page_table:logical_address:801f000,physical_address:fd1007
-------------------------------------------------------------------------

---------page fault happen?---------
error_code=6
---------------end--------------

---------------------------Page Table Address-----------------------------------
new_page_table:logical_address:804c000,physical_address:fd0007
-------------------------------------------------------------------------

---------page fault happen?---------
error_code=4
---------------end--------------

---------------------Page address------------------------------------
new_page_table:logical_address:8004000,physical_address:fcf007
-------------------------------------------------------------------------

---------the first block of page fault ---------
block=17
---------------end--------------

---------------------------Page Table Address-----------------------------------
new_page_table:logical_address:8004000,physical_address:fcf007
-------------------------------------------------------------------------

---------page fault happen?---------
error_code=4
---------------end--------------

---------------------Page address------------------------------------
new_page_table:logical_address:8009000,physical_address:fce007
-------------------------------------------------------------------------

---------the first block of page fault ---------
block=37
---------------end--------------

---------------------------Page Table Address-----------------------------------
new_page_table:logical_address:8009000,physical_address:fce007
-------------------------------------------------------------------------

---------page fault happen?---------
error_code=4
---------------end--------------

---------------------Page address------------------------------------
new_page_table:logical_address:8003000,physical_address:fcd007
-------------------------------------------------------------------------

---------the first block of page fault ---------
block=13
---------------end--------------

---------------------------Page Table Address-----------------------------------
new_page_table:logical_address:8003000,physical_address:fcd007
-------------------------------------------------------------------------

---------page fault happen?---------
error_code=4
---------------end--------------

---------------------Page address------------------------------------
new_page_table:logical_address:8002000,physical_address:fcc007
-------------------------------------------------------------------------

---------the first block of page fault ---------
block=9
---------------end--------------

---------------------------Page Table Address-----------------------------------
new_page_table:logical_address:8002000,physical_address:fcc007
-------------------------------------------------------------------------

---------page fault happen?---------
error_code=4
---------------end--------------

---------------------Page address------------------------------------
new_page_table:logical_address:8005000,physical_address:fcb007
-------------------------------------------------------------------------

---------the first block of page fault ---------
block=21
---------------end--------------

---------------------------Page Table Address-----------------------------------
new_page_table:logical_address:8005000,physical_address:fcb007
-------------------------------------------------------------------------

---------page fault happen?---------
error_code=6
---------------end--------------

---------------------------Page Table Address-----------------------------------
new_page_table:logical_address:804d000,physical_address:fca007
-------------------------------------------------------------------------

---------page fault happen?---------
error_code=4
---------------end--------------

---------------------Page address------------------------------------
new_page_table:logical_address:8006000,physical_address:fc9007
-------------------------------------------------------------------------

---------the first block of page fault ---------
block=25
---------------end--------------

---------------------------Page Table Address-----------------------------------
new_page_table:logical_address:8006000,physical_address:fc9007
-------------------------------------------------------------------------

---------page fault happen?---------
error_code=4
---------------end--------------

---------------------Page address------------------------------------
new_page_table:logical_address:800a000,physical_address:fc8007
-------------------------------------------------------------------------

---------the first block of page fault ---------
block=41
---------------end--------------

---------------------------Page Table Address-----------------------------------
new_page_table:logical_address:800a000,physical_address:fc8007
-------------------------------------------------------------------------

---------page fault happen?---------
error_code=4
---------------end--------------

---------------------Page address------------------------------------
new_page_table:logical_address:8013000,physical_address:fc7007
-------------------------------------------------------------------------

---------the first block of page fault ---------
block=77
---------------end--------------

---------------------------Page Table Address-----------------------------------
new_page_table:logical_address:8013000,physical_address:fc7007
-------------------------------------------------------------------------

---------page fault happen?---------
error_code=4
---------------end--------------

---------------------Page address------------------------------------
new_page_table:logical_address:8014000,physical_address:fc6007
-------------------------------------------------------------------------

---------the first block of page fault ---------
block=81
---------------end--------------

---------------------------Page Table Address-----------------------------------
new_page_table:logical_address:8014000,physical_address:fc6007
-------------------------------------------------------------------------

---------page fault happen?---------
error_code=4
---------------end--------------

---------------------Page address------------------------------------
new_page_table:logical_address:8011000,physical_address:fc5007
-------------------------------------------------------------------------

---------the first block of page fault ---------
block=69
---------------end--------------

---------------------------Page Table Address-----------------------------------
new_page_table:logical_address:8011000,physical_address:fc5007
-------------------------------------------------------------------------

---------page fault happen?---------
error_code=4
---------------end--------------

---------------------Page address------------------------------------
new_page_table:logical_address:8038000,physical_address:fc4007
-------------------------------------------------------------------------

---------the first block of page fault ---------
block=225
---------------end--------------

---------------------------Page Table Address-----------------------------------
new_page_table:logical_address:8038000,physical_address:fc4007
-------------------------------------------------------------------------

---------page fault happen?---------
error_code=4
---------------end--------------

---------------------Page address------------------------------------
new_page_table:logical_address:800b000,physical_address:fc3007
-------------------------------------------------------------------------

---------the first block of page fault ---------
block=45
---------------end--------------

---------------------------Page Table Address-----------------------------------
new_page_table:logical_address:800b000,physical_address:fc3007
-------------------------------------------------------------------------

---------page fault happen?---------
error_code=6
---------------end--------------

---------------------------Page Table Address-----------------------------------
new_page_table:logical_address:bffe000,physical_address:fc2007
-------------------------------------------------------------------------

---------page fault happen?---------
error_code=6
---------------end--------------

---------------------------Page Table Address-----------------------------------
new_page_table:logical_address:804e000,physical_address:fc1007
-------------------------------------------------------------------------

---------------copy_process_info------------------
pid=3	pid_father=2	jiffies=104
tss.eip=235695	tss.cs=15	nr=3
------------------end-----------------------------

---------page fault happen?---------
error_code=6
---------------end--------------

---------------------------Page Table Address-----------------------------------
new_page_table:logical_address:804f000,physical_address:fb0007
-------------------------------------------------------------------------

---------page fault happen?---------
error_code=4
---------------end--------------

---------------------Page address------------------------------------
new_page_table:logical_address:8027000,physical_address:fae007
-------------------------------------------------------------------------

---------the first block of page fault ---------
block=157
---------------end--------------

---------------------------Page Table Address-----------------------------------
new_page_table:logical_address:8027000,physical_address:fae007
-------------------------------------------------------------------------

---------page fault happen?---------
error_code=4
---------------end--------------

---------------------Page address------------------------------------
new_page_table:logical_address:8028000,physical_address:fad007
-------------------------------------------------------------------------

---------the first block of page fault ---------
block=161
---------------end--------------

---------------------------Page Table Address-----------------------------------
new_page_table:logical_address:8028000,physical_address:fad007
-------------------------------------------------------------------------

-------schedule---------
1	J	111
----------end---------

---------------copy_process_info------------------
pid=4	pid_father=1	jiffies=111
tss.eip=26083	tss.cs=15	nr=2
------------------end-----------------------------

get new page successfully!
---------------------------Page Table Address-----------------------------------
new_page_table:logical_address:ffff000,physical_address:fbd007
-------------------------------------------------------------------------

---------page fault happen?---------
error_code=4
---------------end--------------

---------------------Page address------------------------------------
new_page_table:logical_address:c000000,physical_address:ff7007
-------------------------------------------------------------------------

---------the first block of page fault ---------
block=1
---------------end--------------

get new page successfully!
---------------------------Page Table Address-----------------------------------
new_page_table:logical_address:c000000,physical_address:ff7007
-------------------------------------------------------------------------

---------page fault happen?---------
error_code=6
---------------end--------------

---------------------Page address------------------------------------
new_page_table:logical_address:c001000,physical_address:ff4007
-------------------------------------------------------------------------

---------the first block of page fault ---------
block=5
---------------end--------------

---------------------------Page Table Address-----------------------------------
new_page_table:logical_address:c001000,physical_address:ff4007
-------------------------------------------------------------------------

get new page successfully!
---------------------------Page Table Address-----------------------------------
new_page_table:logical_address:bfff000,physical_address:ff3007
-------------------------------------------------------------------------

---------page fault happen?---------
error_code=4
---------------end--------------

---------------------Page address------------------------------------
new_page_table:logical_address:8000000,physical_address:ff8007
-------------------------------------------------------------------------

---------the first block of page fault ---------
block=1
---------------end--------------

get new page successfully!
---------------------------Page Table Address-----------------------------------
new_page_table:logical_address:8000000,physical_address:ff8007
-------------------------------------------------------------------------

---------page fault happen?---------
error_code=6
---------------end--------------

---------------------Page address------------------------------------
new_page_table:logical_address:8041000,physical_address:ff1007
-------------------------------------------------------------------------

---------the first block of page fault ---------
block=261
---------------end--------------

---------------------------Page Table Address-----------------------------------
new_page_table:logical_address:8041000,physical_address:ff1007
-------------------------------------------------------------------------

---------page fault happen?---------
error_code=4
---------------end--------------

---------------------Page address------------------------------------
new_page_table:logical_address:803d000,physical_address:ff0007
-------------------------------------------------------------------------

---------the first block of page fault ---------
block=245
---------------end--------------

---------------------------Page Table Address-----------------------------------
new_page_table:logical_address:803d000,physical_address:ff0007
-------------------------------------------------------------------------

---------page fault happen?---------
error_code=6
---------------end--------------

---------------------------Page Table Address-----------------------------------
new_page_table:logical_address:8046000,physical_address:fef007
-------------------------------------------------------------------------

---------page fault happen?---------
error_code=4
---------------end--------------

---------------------Page address------------------------------------
new_page_table:logical_address:8007000,physical_address:fee007
-------------------------------------------------------------------------

---------the first block of page fault ---------
block=29
---------------end--------------

---------------------------Page Table Address-----------------------------------
new_page_table:logical_address:8007000,physical_address:fee007
-------------------------------------------------------------------------

---------page fault happen?---------
error_code=4
---------------end--------------

---------------------Page address------------------------------------
new_page_table:logical_address:8039000,physical_address:fed007
-------------------------------------------------------------------------

---------the first block of page fault ---------
block=229
---------------end--------------

---------------------------Page Table Address-----------------------------------
new_page_table:logical_address:8039000,physical_address:fed007
-------------------------------------------------------------------------

---------page fault happen?---------
error_code=4
---------------end--------------

---------------------Page address------------------------------------
new_page_table:logical_address:801a000,physical_address:fec007
-------------------------------------------------------------------------

---------the first block of page fault ---------
block=105
---------------end--------------

---------------------------Page Table Address-----------------------------------
new_page_table:logical_address:801a000,physical_address:fec007
-------------------------------------------------------------------------

---------page fault happen?---------
error_code=4
---------------end--------------

---------------------------Page Table Address-----------------------------------
new_page_table:logical_address:8045000,physical_address:feb007
-------------------------------------------------------------------------

---------page fault happen?---------
error_code=4
---------------end--------------

---------------------Page address------------------------------------
new_page_table:logical_address:8044000,physical_address:fea007
-------------------------------------------------------------------------

---------the first block of page fault ---------
block=273
---------------end--------------

---------------------------Page Table Address-----------------------------------
new_page_table:logical_address:8044000,physical_address:fea007
-------------------------------------------------------------------------

---------page fault happen?---------
error_code=6
---------------end--------------

---------------------------Page Table Address-----------------------------------
new_page_table:logical_address:8047000,physical_address:fe9007
-------------------------------------------------------------------------

---------page fault happen?---------
error_code=6
---------------end--------------

---------------------------Page Table Address-----------------------------------
new_page_table:logical_address:8048000,physical_address:fe8007
-------------------------------------------------------------------------

---------page fault happen?---------
error_code=4
---------------end--------------

---------------------Page address------------------------------------
new_page_table:logical_address:8001000,physical_address:fe7007
-------------------------------------------------------------------------

---------the first block of page fault ---------
block=5
---------------end--------------

---------------------------Page Table Address-----------------------------------
new_page_table:logical_address:8001000,physical_address:fe7007
-------------------------------------------------------------------------

---------page fault happen?---------
error_code=4
---------------end--------------

---------------------Page address------------------------------------
new_page_table:logical_address:803c000,physical_address:fe6007
-------------------------------------------------------------------------

---------the first block of page fault ---------
block=241
---------------end--------------

---------------------------Page Table Address-----------------------------------
new_page_table:logical_address:803c000,physical_address:fe6007
-------------------------------------------------------------------------

---------page fault happen?---------
error_code=4
---------------end--------------

---------------------Page address------------------------------------
new_page_table:logical_address:803f000,physical_address:fe5007
-------------------------------------------------------------------------

---------the first block of page fault ---------
block=253
---------------end--------------

---------------------------Page Table Address-----------------------------------
new_page_table:logical_address:803f000,physical_address:fe5007
-------------------------------------------------------------------------

---------page fault happen?---------
error_code=6
---------------end--------------

---------------------------Page Table Address-----------------------------------
new_page_table:logical_address:8049000,physical_address:fe4007
-------------------------------------------------------------------------

---------page fault happen?---------
error_code=4
---------------end--------------

---------------------Page address------------------------------------
new_page_table:logical_address:801e000,physical_address:fe3007
-------------------------------------------------------------------------

---------the first block of page fault ---------
block=121
---------------end--------------

---------------------------Page Table Address-----------------------------------
new_page_table:logical_address:801e000,physical_address:fe3007
-------------------------------------------------------------------------

---------page fault happen?---------
error_code=4
---------------end--------------

---------------------Page address------------------------------------
new_page_table:logical_address:803a000,physical_address:fe2007
-------------------------------------------------------------------------

---------the first block of page fault ---------
block=233
---------------end--------------

---------------------------Page Table Address-----------------------------------
new_page_table:logical_address:803a000,physical_address:fe2007
-------------------------------------------------------------------------

---------page fault happen?---------
error_code=4
---------------end--------------

---------------------Page address------------------------------------
new_page_table:logical_address:8021000,physical_address:fe1007
-------------------------------------------------------------------------

---------the first block of page fault ---------
block=133
---------------end--------------

---------------------------Page Table Address-----------------------------------
new_page_table:logical_address:8021000,physical_address:fe1007
-------------------------------------------------------------------------

---------page fault happen?---------
error_code=4
---------------end--------------

---------------------Page address------------------------------------
new_page_table:logical_address:8020000,physical_address:fe0007
-------------------------------------------------------------------------

---------the first block of page fault ---------
block=129
---------------end--------------

---------------------------Page Table Address-----------------------------------
new_page_table:logical_address:8020000,physical_address:fe0007
-------------------------------------------------------------------------

---------page fault happen?---------
error_code=4
---------------end--------------

---------------------Page address------------------------------------
new_page_table:logical_address:8019000,physical_address:fdf007
-------------------------------------------------------------------------

---------the first block of page fault ---------
block=101
---------------end--------------

---------------------------Page Table Address-----------------------------------
new_page_table:logical_address:8019000,physical_address:fdf007
-------------------------------------------------------------------------

---------page fault happen?---------
error_code=4
---------------end--------------

---------------------Page address------------------------------------
new_page_table:logical_address:803b000,physical_address:fde007
-------------------------------------------------------------------------

---------the first block of page fault ---------
block=237
---------------end--------------

---------------------------Page Table Address-----------------------------------
new_page_table:logical_address:803b000,physical_address:fde007
-------------------------------------------------------------------------

---------page fault happen?---------
error_code=4
---------------end--------------

---------------------Page address------------------------------------
new_page_table:logical_address:8010000,physical_address:fdd007
-------------------------------------------------------------------------

---------the first block of page fault ---------
block=65
---------------end--------------

---------------------------Page Table Address-----------------------------------
new_page_table:logical_address:8010000,physical_address:fdd007
-------------------------------------------------------------------------

---------page fault happen?---------
error_code=4
---------------end--------------

---------------------Page address------------------------------------
new_page_table:logical_address:801b000,physical_address:fdc007
-------------------------------------------------------------------------

---------the first block of page fault ---------
block=109
---------------end--------------

---------------------------Page Table Address-----------------------------------
new_page_table:logical_address:801b000,physical_address:fdc007
-------------------------------------------------------------------------

---------page fault happen?---------
error_code=4
---------------end--------------

---------------------Page address------------------------------------
new_page_table:logical_address:8040000,physical_address:fdb007
-------------------------------------------------------------------------

---------the first block of page fault ---------
block=257
---------------end--------------

---------------------------Page Table Address-----------------------------------
new_page_table:logical_address:8040000,physical_address:fdb007
-------------------------------------------------------------------------

---------page fault happen?---------
error_code=4
---------------end--------------

---------------------Page address------------------------------------
new_page_table:logical_address:8008000,physical_address:fda007
-------------------------------------------------------------------------

---------the first block of page fault ---------
block=33
---------------end--------------

---------------------------Page Table Address-----------------------------------
new_page_table:logical_address:8008000,physical_address:fda007
-------------------------------------------------------------------------

---------page fault happen?---------
error_code=4
---------------end--------------

---------------------Page address------------------------------------
new_page_table:logical_address:800d000,physical_address:fd9007
-------------------------------------------------------------------------

---------the first block of page fault ---------
block=53
---------------end--------------

---------------------------Page Table Address-----------------------------------
new_page_table:logical_address:800d000,physical_address:fd9007
-------------------------------------------------------------------------

---------page fault happen?---------
error_code=4
---------------end--------------

---------------------Page address------------------------------------
new_page_table:logical_address:8015000,physical_address:fd8007
-------------------------------------------------------------------------

---------the first block of page fault ---------
block=85
---------------end--------------

---------------------------Page Table Address-----------------------------------
new_page_table:logical_address:8015000,physical_address:fd8007
-------------------------------------------------------------------------

---------page fault happen?---------
error_code=6
---------------end--------------

---------------------------Page Table Address-----------------------------------
new_page_table:logical_address:804a000,physical_address:fd7007
-------------------------------------------------------------------------

---------page fault happen?---------
error_code=4
---------------end--------------

---------------------Page address------------------------------------
new_page_table:logical_address:800e000,physical_address:fd6007
-------------------------------------------------------------------------

---------the first block of page fault ---------
block=57
---------------end--------------

---------------------------Page Table Address-----------------------------------
new_page_table:logical_address:800e000,physical_address:fd6007
-------------------------------------------------------------------------

---------page fault happen?---------
error_code=4
---------------end--------------

---------------------Page address------------------------------------
new_page_table:logical_address:8016000,physical_address:fd5007
-------------------------------------------------------------------------

---------the first block of page fault ---------
block=89
---------------end--------------

---------------------------Page Table Address-----------------------------------
new_page_table:logical_address:8016000,physical_address:fd5007
-------------------------------------------------------------------------

---------page fault happen?---------
error_code=6
---------------end--------------

---------------------------Page Table Address-----------------------------------
new_page_table:logical_address:804b000,physical_address:fd4007
-------------------------------------------------------------------------

---------page fault happen?---------
error_code=4
---------------end--------------

---------------------Page address------------------------------------
new_page_table:logical_address:800c000,physical_address:fd3007
-------------------------------------------------------------------------

---------the first block of page fault ---------
block=49
---------------end--------------

---------------------------Page Table Address-----------------------------------
new_page_table:logical_address:800c000,physical_address:fd3007
-------------------------------------------------------------------------

---------page fault happen?---------
error_code=4
---------------end--------------

---------------------Page address------------------------------------
new_page_table:logical_address:8037000,physical_address:fd2007
-------------------------------------------------------------------------

---------the first block of page fault ---------
block=221
---------------end--------------

---------------------------Page Table Address-----------------------------------
new_page_table:logical_address:8037000,physical_address:fd2007
-------------------------------------------------------------------------

---------page fault happen?---------
error_code=4
---------------end--------------

---------------------Page address------------------------------------
new_page_table:logical_address:800f000,physical_address:fd1007
-------------------------------------------------------------------------

---------the first block of page fault ---------
block=61
---------------end--------------

---------------------------Page Table Address-----------------------------------
new_page_table:logical_address:800f000,physical_address:fd1007
-------------------------------------------------------------------------

---------page fault happen?---------
error_code=4
---------------end--------------

---------------------Page address------------------------------------
new_page_table:logical_address:8012000,physical_address:fd0007
-------------------------------------------------------------------------

---------the first block of page fault ---------
block=73
---------------end--------------

---------------------------Page Table Address-----------------------------------
new_page_table:logical_address:8012000,physical_address:fd0007
-------------------------------------------------------------------------

---------page fault happen?---------
error_code=4
---------------end--------------

---------------------Page address------------------------------------
new_page_table:logical_address:8035000,physical_address:fcf007
-------------------------------------------------------------------------

---------the first block of page fault ---------
block=213
---------------end--------------

---------------------------Page Table Address-----------------------------------
new_page_table:logical_address:8035000,physical_address:fcf007
-------------------------------------------------------------------------

---------page fault happen?---------
error_code=4
---------------end--------------

---------------------Page address------------------------------------
new_page_table:logical_address:8042000,physical_address:fce007
-------------------------------------------------------------------------

---------the first block of page fault ---------
block=265
---------------end--------------

---------------------------Page Table Address-----------------------------------
new_page_table:logical_address:8042000,physical_address:fce007
-------------------------------------------------------------------------

---------page fault happen?---------
error_code=4
---------------end--------------

---------------------Page address------------------------------------
new_page_table:logical_address:801f000,physical_address:fcd007
-------------------------------------------------------------------------

---------the first block of page fault ---------
block=125
---------------end--------------

---------------------------Page Table Address-----------------------------------
new_page_table:logical_address:801f000,physical_address:fcd007
-------------------------------------------------------------------------

---------page fault happen?---------
error_code=6
---------------end--------------

---------------------------Page Table Address-----------------------------------
new_page_table:logical_address:804c000,physical_address:fcc007
-------------------------------------------------------------------------

---------page fault happen?---------
error_code=4
---------------end--------------

---------------------Page address------------------------------------
new_page_table:logical_address:8004000,physical_address:fcb007
-------------------------------------------------------------------------

---------the first block of page fault ---------
block=17
---------------end--------------

---------------------------Page Table Address-----------------------------------
new_page_table:logical_address:8004000,physical_address:fcb007
-------------------------------------------------------------------------

---------page fault happen?---------
error_code=4
---------------end--------------

---------------------Page address------------------------------------
new_page_table:logical_address:8003000,physical_address:fca007
-------------------------------------------------------------------------

---------the first block of page fault ---------
block=13
---------------end--------------

---------------------------Page Table Address-----------------------------------
new_page_table:logical_address:8003000,physical_address:fca007
-------------------------------------------------------------------------

---------page fault happen?---------
error_code=4
---------------end--------------

---------------------Page address------------------------------------
new_page_table:logical_address:8002000,physical_address:fc9007
-------------------------------------------------------------------------

---------the first block of page fault ---------
block=9
---------------end--------------

---------------------------Page Table Address-----------------------------------
new_page_table:logical_address:8002000,physical_address:fc9007
-------------------------------------------------------------------------

---------page fault happen?---------
error_code=4
---------------end--------------

---------------------Page address------------------------------------
new_page_table:logical_address:8005000,physical_address:fc8007
-------------------------------------------------------------------------

---------the first block of page fault ---------
block=21
---------------end--------------

---------------------------Page Table Address-----------------------------------
new_page_table:logical_address:8005000,physical_address:fc8007
-------------------------------------------------------------------------

---------page fault happen?---------
error_code=6
---------------end--------------

---------------------------Page Table Address-----------------------------------
new_page_table:logical_address:804d000,physical_address:fc7007
-------------------------------------------------------------------------

---------page fault happen?---------
error_code=4
---------------end--------------

---------------------Page address------------------------------------
new_page_table:logical_address:8006000,physical_address:fc6007
-------------------------------------------------------------------------

---------the first block of page fault ---------
block=25
---------------end--------------

---------------------------Page Table Address-----------------------------------
new_page_table:logical_address:8006000,physical_address:fc6007
-------------------------------------------------------------------------

---------page fault happen?---------
error_code=4
---------------end--------------

---------------------Page address------------------------------------
new_page_table:logical_address:8009000,physical_address:fc5007
-------------------------------------------------------------------------

---------the first block of page fault ---------
block=37
---------------end--------------

---------------------------Page Table Address-----------------------------------
new_page_table:logical_address:8009000,physical_address:fc5007
-------------------------------------------------------------------------

---------page fault happen?---------
error_code=4
---------------end--------------

---------------------Page address------------------------------------
new_page_table:logical_address:800a000,physical_address:fc4007
-------------------------------------------------------------------------

---------the first block of page fault ---------
block=41
---------------end--------------

---------------------------Page Table Address-----------------------------------
new_page_table:logical_address:800a000,physical_address:fc4007
-------------------------------------------------------------------------

---------page fault happen?---------
error_code=4
---------------end--------------

---------------------Page address------------------------------------
new_page_table:logical_address:800b000,physical_address:fc3007
-------------------------------------------------------------------------

---------the first block of page fault ---------
block=45
---------------end--------------

---------------------------Page Table Address-----------------------------------
new_page_table:logical_address:800b000,physical_address:fc3007
-------------------------------------------------------------------------

---------page fault happen?---------
error_code=6
---------------end--------------

---------------------------Page Table Address-----------------------------------
new_page_table:logical_address:bffe000,physical_address:fc2007
-------------------------------------------------------------------------

---------page fault happen?---------
error_code=6
---------------end--------------

---------------------------Page Table Address-----------------------------------
new_page_table:logical_address:804e000,physical_address:fc1007
-------------------------------------------------------------------------

---------page fault happen?---------
error_code=4
---------------end--------------

---------------------Page address------------------------------------
new_page_table:logical_address:8011000,physical_address:fbf007
-------------------------------------------------------------------------

---------the first block of page fault ---------
block=69
---------------end--------------

---------------------------Page Table Address-----------------------------------
new_page_table:logical_address:8011000,physical_address:fbf007
-------------------------------------------------------------------------

---------page fault happen?---------
error_code=4
---------------end--------------

---------------------Page address------------------------------------
new_page_table:logical_address:8013000,physical_address:fbe007
-------------------------------------------------------------------------

---------the first block of page fault ---------
block=77
---------------end--------------

---------------------------Page Table Address-----------------------------------
new_page_table:logical_address:8013000,physical_address:fbe007
-------------------------------------------------------------------------

---------page fault happen?---------
error_code=4
---------------end--------------

---------------------Page address------------------------------------
new_page_table:logical_address:8014000,physical_address:fbc007
-------------------------------------------------------------------------

---------the first block of page fault ---------
block=81
---------------end--------------

---------------------------Page Table Address-----------------------------------
new_page_table:logical_address:8014000,physical_address:fbc007
-------------------------------------------------------------------------

---------page fault happen?---------
error_code=4
---------------end--------------

---------------------Page address------------------------------------
new_page_table:logical_address:8038000,physical_address:fbb007
-------------------------------------------------------------------------

---------the first block of page fault ---------
block=225
---------------end--------------

---------------------------Page Table Address-----------------------------------
new_page_table:logical_address:8038000,physical_address:fbb007
-------------------------------------------------------------------------

---------page fault happen?---------
error_code=4
---------------end--------------

---------------------Page address------------------------------------
new_page_table:logical_address:801d000,physical_address:fba007
-------------------------------------------------------------------------

---------the first block of page fault ---------
block=117
---------------end--------------

---------------------------Page Table Address-----------------------------------
new_page_table:logical_address:801d000,physical_address:fba007
-------------------------------------------------------------------------

---------page fault happen?---------
error_code=4
---------------end--------------

---------------------Page address------------------------------------
new_page_table:logical_address:8026000,physical_address:fb9007
-------------------------------------------------------------------------

---------the first block of page fault ---------
block=153
---------------end--------------

---------------------------Page Table Address-----------------------------------
new_page_table:logical_address:8026000,physical_address:fb9007
-------------------------------------------------------------------------

---------page fault happen?---------
error_code=4
---------------end--------------

---------------------Page address------------------------------------
new_page_table:logical_address:8027000,physical_address:fb8007
-------------------------------------------------------------------------

---------the first block of page fault ---------
block=157
---------------end--------------

---------------------------Page Table Address-----------------------------------
new_page_table:logical_address:8027000,physical_address:fb8007
-------------------------------------------------------------------------

---------page fault happen?---------
error_code=4
---------------end--------------

---------------------Page address------------------------------------
new_page_table:logical_address:8029000,physical_address:fb7007
-------------------------------------------------------------------------

---------the first block of page fault ---------
block=165
---------------end--------------

---------------------------Page Table Address-----------------------------------
new_page_table:logical_address:8029000,physical_address:fb7007
-------------------------------------------------------------------------

---------page fault happen?---------
error_code=4
---------------end--------------

---------------------Page address------------------------------------
new_page_table:logical_address:802a000,physical_address:fb6007
-------------------------------------------------------------------------

---------the first block of page fault ---------
block=169
---------------end--------------

---------------------------Page Table Address-----------------------------------
new_page_table:logical_address:802a000,physical_address:fb6007
-------------------------------------------------------------------------

---------page fault happen?---------
error_code=4
---------------end--------------

---------------------Page address------------------------------------
new_page_table:logical_address:802b000,physical_address:fb5007
-------------------------------------------------------------------------

---------the first block of page fault ---------
block=173
---------------end--------------

---------------------------Page Table Address-----------------------------------
new_page_table:logical_address:802b000,physical_address:fb5007
-------------------------------------------------------------------------

---------page fault happen?---------
error_code=6
---------------end--------------

---------------------------Page Table Address-----------------------------------
new_page_table:logical_address:804f000,physical_address:fb4007
-------------------------------------------------------------------------

---------page fault happen?---------
error_code=6
---------------end--------------

---------------------------Page Table Address-----------------------------------
new_page_table:logical_address:8050000,physical_address:fb3007
-------------------------------------------------------------------------

---------page fault happen?---------
error_code=6
---------------end--------------

---------------------------Page Table Address-----------------------------------
new_page_table:logical_address:8051000,physical_address:fb2007
-------------------------------------------------------------------------

---------page fault happen?---------
error_code=6
---------------end--------------

---------------------------Page Table Address-----------------------------------
new_page_table:logical_address:8052000,physical_address:fb1007
-------------------------------------------------------------------------

---------page fault happen?---------
error_code=6
---------------end--------------

---------------------------Page Table Address-----------------------------------
new_page_table:logical_address:8053000,physical_address:fb0007
-------------------------------------------------------------------------

---------page fault happen?---------
error_code=6
---------------end--------------

---------------------------Page Table Address-----------------------------------
new_page_table:logical_address:8054000,physical_address:faf007
-------------------------------------------------------------------------

---------page fault happen?---------
error_code=6
---------------end--------------

---------------------------Page Table Address-----------------------------------
new_page_table:logical_address:8055000,physical_address:fae007
-------------------------------------------------------------------------

---------page fault happen?---------
error_code=6
---------------end--------------

---------------------------Page Table Address-----------------------------------
new_page_table:logical_address:8056000,physical_address:fad007
-------------------------------------------------------------------------

---------page fault happen?---------
error_code=6
---------------end--------------

---------------------------Page Table Address-----------------------------------
new_page_table:logical_address:8057000,physical_address:fac007
-------------------------------------------------------------------------

---------page fault happen?---------
error_code=6
---------------end--------------

---------------------------Page Table Address-----------------------------------
new_page_table:logical_address:8058000,physical_address:fab007
-------------------------------------------------------------------------

---------------copy_process_info------------------
pid=5	pid_father=4	jiffies=202
tss.eip=235695	tss.cs=15	nr=4
------------------end-----------------------------

-----------------sleep_on-----------------
4	W	203
----------end---------

---------page fault happen?---------
error_code=6
---------------end--------------

---------------------------Page Table Address-----------------------------------
new_page_table:logical_address:13ffd000,physical_address:f9b007
-------------------------------------------------------------------------

---------page fault happen?---------
error_code=6
---------------end--------------

---------------------------Page Table Address-----------------------------------
new_page_table:logical_address:10059000,physical_address:f99007
-------------------------------------------------------------------------

---------page fault happen?---------
error_code=6
---------------end--------------

---------------------------Page Table Address-----------------------------------
new_page_table:logical_address:1005a000,physical_address:f97007
-------------------------------------------------------------------------

---------page fault happen?---------
error_code=6
---------------end--------------

---------------------------Page Table Address-----------------------------------
new_page_table:logical_address:1005c000,physical_address:f96007
-------------------------------------------------------------------------

---------page fault happen?---------
error_code=6
---------------end--------------

---------------------------Page Table Address-----------------------------------
new_page_table:logical_address:8059000,physical_address:ff3007
-------------------------------------------------------------------------

---------page fault happen?---------
error_code=4
---------------end--------------

---------------------Page address------------------------------------
new_page_table:logical_address:8031000,physical_address:ff1007
-------------------------------------------------------------------------

---------the first block of page fault ---------
block=197
---------------end--------------

---------------------------Page Table Address-----------------------------------
new_page_table:logical_address:8031000,physical_address:ff1007
-------------------------------------------------------------------------

---------page fault happen?---------
error_code=6
---------------end--------------

---------------------Page address------------------------------------
new_page_table:logical_address:8043000,physical_address:fef007
-------------------------------------------------------------------------

---------the first block of page fault ---------
block=269
---------------end--------------

---------------------------Page Table Address-----------------------------------
new_page_table:logical_address:8043000,physical_address:fef007
-------------------------------------------------------------------------

---------page fault happen?---------
error_code=4
---------------end--------------

---------------------Page address------------------------------------
new_page_table:logical_address:802c000,physical_address:feb007
-------------------------------------------------------------------------

---------the first block of page fault ---------
block=177
---------------end--------------

---------------------------Page Table Address-----------------------------------
new_page_table:logical_address:802c000,physical_address:feb007
-------------------------------------------------------------------------

---------page fault happen?---------
error_code=4
---------------end--------------

---------------------Page address------------------------------------
new_page_table:logical_address:802d000,physical_address:fea007
-------------------------------------------------------------------------

---------the first block of page fault ---------
block=181
---------------end--------------

---------------------------Page Table Address-----------------------------------
new_page_table:logical_address:802d000,physical_address:fea007
-------------------------------------------------------------------------

---------page fault happen?---------
error_code=6
---------------end--------------

---------------------------Page Table Address-----------------------------------
new_page_table:logical_address:805a000,physical_address:fad007
-------------------------------------------------------------------------

---------page fault happen?---------
error_code=6
---------------end--------------

---------------------------Page Table Address-----------------------------------
new_page_table:logical_address:805b000,physical_address:faa007
-------------------------------------------------------------------------

---------page fault happen?---------
error_code=6
---------------end--------------

---------------------------Page Table Address-----------------------------------
new_page_table:logical_address:805c000,physical_address:fa9007
-------------------------------------------------------------------------

---------page fault happen?---------
error_code=6
---------------end--------------

---------------------------Page Table Address-----------------------------------
new_page_table:logical_address:805d000,physical_address:fa8007
-------------------------------------------------------------------------

---------page fault happen?---------
error_code=4
---------------end--------------

---------------------Page address------------------------------------
new_page_table:logical_address:8030000,physical_address:fa7007
-------------------------------------------------------------------------

---------the first block of page fault ---------
block=193
---------------end--------------

---------------------------Page Table Address-----------------------------------
new_page_table:logical_address:8030000,physical_address:fa7007
-------------------------------------------------------------------------

---------page fault happen?---------
error_code=4
---------------end--------------

---------------------Page address------------------------------------
new_page_table:logical_address:802e000,physical_address:fa0007
-------------------------------------------------------------------------

---------the first block of page fault ---------
block=185
---------------end--------------

---------------------------Page Table Address-----------------------------------
new_page_table:logical_address:802e000,physical_address:fa0007
-------------------------------------------------------------------------

---------page fault happen?---------
error_code=6
---------------end--------------

---------------------------Page Table Address-----------------------------------
new_page_table:logical_address:805e000,physical_address:f9f007
-------------------------------------------------------------------------

---------page fault happen?---------
error_code=4
---------------end--------------

---------------------Page address------------------------------------
new_page_table:logical_address:8032000,physical_address:f9e007
-------------------------------------------------------------------------

---------the first block of page fault ---------
block=201
---------------end--------------

---------------------------Page Table Address-----------------------------------
new_page_table:logical_address:8032000,physical_address:f9e007
-------------------------------------------------------------------------

---------page fault happen?---------
error_code=4
---------------end--------------

---------------------Page address------------------------------------
new_page_table:logical_address:802f000,physical_address:f9d007
-------------------------------------------------------------------------

---------the first block of page fault ---------
block=189
---------------end--------------

---------------------------Page Table Address-----------------------------------
new_page_table:logical_address:802f000,physical_address:f9d007
-------------------------------------------------------------------------

---------page fault happen?---------
error_code=4
---------------end--------------

---------------------Page address------------------------------------
new_page_table:logical_address:8036000,physical_address:f9c007
-------------------------------------------------------------------------

---------the first block of page fault ---------
block=217
---------------end--------------

---------------------------Page Table Address-----------------------------------
new_page_table:logical_address:8036000,physical_address:f9c007
-------------------------------------------------------------------------

---------------copy_process_info------------------
pid=6	pid_father=4	jiffies=2424
tss.eip=235695	tss.cs=15	nr=4
------------------end-----------------------------

get new page successfully!
---------------------------Page Table Address-----------------------------------
new_page_table:logical_address:13fff000,physical_address:f91007
-------------------------------------------------------------------------

---------page fault happen?---------
error_code=4
---------------end--------------

---------------------Page address------------------------------------
new_page_table:logical_address:10000000,physical_address:fc7007
-------------------------------------------------------------------------

---------the first block of page fault ---------
block=1
---------------end--------------

get new page successfully!
---------------------------Page Table Address-----------------------------------
new_page_table:logical_address:10000000,physical_address:fc7007
-------------------------------------------------------------------------

---------page fault happen?---------
error_code=6
---------------end--------------

---------------------Page address------------------------------------
new_page_table:logical_address:10003000,physical_address:fa6007
-------------------------------------------------------------------------

---------the first block of page fault ---------
block=13
---------------end--------------

---------------------------Page Table Address-----------------------------------
new_page_table:logical_address:10003000,physical_address:fa6007
-------------------------------------------------------------------------

---------page fault happen?---------
error_code=4
---------------end--------------

---------------------Page address------------------------------------
new_page_table:logical_address:10001000,physical_address:fa5007
-------------------------------------------------------------------------

---------the first block of page fault ---------
block=5
---------------end--------------

---------------------------Page Table Address-----------------------------------
new_page_table:logical_address:10001000,physical_address:fa5007
-------------------------------------------------------------------------

---------page fault happen?---------
error_code=4
---------------end--------------

---------------------Page address------------------------------------
new_page_table:logical_address:10002000,physical_address:fa2007
-------------------------------------------------------------------------

---------the first block of page fault ---------
block=9
---------------end--------------

---------------------------Page Table Address-----------------------------------
new_page_table:logical_address:10002000,physical_address:fa2007
-------------------------------------------------------------------------

-------schedule---------
4	J	2431
----------end---------

---------------copy_process_info------------------
pid=7	pid_father=4	jiffies=2432
tss.eip=235695	tss.cs=15	nr=4
------------------end-----------------------------

-----------------sleep_on-----------------
4	W	2433
----------end---------

---------page fault happen?---------
error_code=6
---------------end--------------

---------------------------Page Table Address-----------------------------------
new_page_table:logical_address:13ffd000,physical_address:f8b007
-------------------------------------------------------------------------

---------page fault happen?---------
error_code=6
---------------end--------------

---------------------------Page Table Address-----------------------------------
new_page_table:logical_address:10060000,physical_address:f86007
-------------------------------------------------------------------------

-------schedule---------
3	J	3119
----------end---------

---------------copy_process_info------------------
pid=8	pid_father=4	jiffies=3594
tss.eip=235695	tss.cs=15	nr=4
------------------end-----------------------------

get new page successfully!
---------------------------Page Table Address-----------------------------------
new_page_table:logical_address:13fff000,physical_address:f90007
-------------------------------------------------------------------------

---------page fault happen?---------
error_code=4
---------------end--------------

---------------------Page address------------------------------------
new_page_table:logical_address:10000000,physical_address:fa9007
-------------------------------------------------------------------------

---------the first block of page fault ---------
block=1
---------------end--------------

get new page successfully!
---------------------------Page Table Address-----------------------------------
new_page_table:logical_address:10000000,physical_address:fa9007
-------------------------------------------------------------------------

---------page fault happen?---------
error_code=6
---------------end--------------

---------------------Page address------------------------------------
new_page_table:logical_address:10001000,physical_address:fa2007
-------------------------------------------------------------------------

---------the first block of page fault ---------
block=5
---------------end--------------

---------------------------Page Table Address-----------------------------------
new_page_table:logical_address:10001000,physical_address:fa2007
-------------------------------------------------------------------------
